#
# A fatal error has been detected by the Java Runtime Environment:
#
#  Internal Error (javaCalls.cpp:51), pid=6244, tid=0x0000000000004088
#  guarantee(thread->is_Java_thread()) failed: crucial check - the VM thread cannot and must not escape to Java code
#
# JRE version: Java(TM) SE Runtime Environment (8.0_211-b12) (build 1.8.0_211-b12)
# Java VM: Java HotSpot(TM) 64-Bit Server VM (25.211-b12 mixed mode windows-amd64 compressed oops)
# Failed to write core dump. Minidumps are not enabled by default on client versions of Windows
#
# If you would like to submit a bug report, please visit:
#   http://bugreport.java.com/bugreport/crash.jsp
#

---------------  T H R E A D  ---------------

Current thread (0x000000001c969800):  VMThread [stack: 0x000000001e640000,0x000000001e740000] [id=16520]

Stack: [0x000000001e640000,0x000000001e740000]
[error occurred during error reporting (printing stack bounds), id 0xc0000005]

Native frames: (J=compiled Java code, j=interpreted, Vv=VM code, C=native code)

VM_Operation (0x000000001f47f8f0): GetOrSetLocal, mode: safepoint, requested by thread 0x000000001e774800


---------------  P R O C E S S  ---------------

Java Threads: ( => current thread )
  0x0000000023878000 JavaThread "Keep-Alive-Timer" daemon [_thread_blocked, id=10908, stack(0x0000000001130000,0x0000000001230000)]
  0x0000000023877800 JavaThread "http-nio-8081-Acceptor" daemon [_thread_in_native, id=20036, stack(0x000000002f050000,0x000000002f150000)]
  0x000000002387a800 JavaThread "http-nio-8081-ClientPoller" daemon [_thread_in_native, id=19772, stack(0x000000002ef50000,0x000000002f050000)]
  0x0000000023879000 JavaThread "http-nio-8081-exec-10" daemon [_thread_blocked, id=13536, stack(0x0000000030180000,0x0000000030280000)]
  0x0000000023876000 JavaThread "http-nio-8081-exec-9" daemon [_thread_blocked, id=13912, stack(0x0000000030080000,0x0000000030180000)]
  0x0000000023879800 JavaThread "http-nio-8081-exec-8" daemon [_thread_blocked, id=20344, stack(0x000000002ff80000,0x0000000030080000)]
  0x0000000023875000 JavaThread "http-nio-8081-exec-7" daemon [_thread_blocked, id=4948, stack(0x000000002fe80000,0x000000002ff80000)]
  0x0000000023876800 JavaThread "http-nio-8081-exec-6" daemon [_thread_blocked, id=17976, stack(0x000000002fd80000,0x000000002fe80000)]
  0x0000000023873000 JavaThread "http-nio-8081-exec-5" daemon [_thread_blocked, id=12696, stack(0x000000002fc80000,0x000000002fd80000)]
  0x0000000023874800 JavaThread "http-nio-8081-exec-4" daemon [_thread_blocked, id=13848, stack(0x000000002f470000,0x000000002f570000)]
  0x0000000029a59800 JavaThread "http-nio-8081-exec-3" daemon [_thread_blocked, id=10924, stack(0x000000002eb90000,0x000000002ec90000)]
  0x0000000029a5e800 JavaThread "http-nio-8081-exec-2" daemon [_thread_blocked, id=10332, stack(0x000000002ea90000,0x000000002eb90000)]
  0x0000000029a5e000 JavaThread "http-nio-8081-exec-1" daemon [_thread_blocked, id=15760, stack(0x000000002e6e0000,0x000000002e7e0000)]
  0x0000000029a60000 JavaThread "http-nio-8081-BlockPoller" daemon [_thread_in_native, id=18704, stack(0x000000002d190000,0x000000002d290000)]
  0x0000000029a5c800 JavaThread "CleanCursors-1-thread-1" daemon [_thread_blocked, id=16344, stack(0x0000000029420000,0x0000000029520000)]
  0x0000000029a5b800 JavaThread "cluster-ClusterId{value='5de7e09269e2f818642decec', description='null'}-localhost:27017" daemon [_thread_blocked, id=2052, stack(0x0000000027e00000,0x0000000027f00000)]
  0x0000000029a5b000 JavaThread "container-0" [_thread_blocked, id=13524, stack(0x0000000027b00000,0x0000000027c00000)]
  0x0000000029a5a000 JavaThread "Catalina-utility-2" [_thread_blocked, id=16272, stack(0x0000000026740000,0x0000000026840000)]
  0x0000000029a5d000 JavaThread "Catalina-utility-1" [_thread_blocked, id=5336, stack(0x00000000251d0000,0x00000000252d0000)]
  0x000000001e8dc000 JavaThread "Service Thread" daemon [_thread_blocked, id=16396, stack(0x000000001fa80000,0x000000001fb80000)]
  0x000000001e896000 JavaThread "C1 CompilerThread3" daemon [_thread_blocked, id=13792, stack(0x000000001f980000,0x000000001fa80000)]
  0x000000001e86f800 JavaThread "C2 CompilerThread2" daemon [_thread_blocked, id=3492, stack(0x000000001f880000,0x000000001f980000)]
  0x000000001e86e800 JavaThread "C2 CompilerThread1" daemon [_thread_blocked, id=11392, stack(0x000000001f780000,0x000000001f880000)]
  0x000000001e86a000 JavaThread "C2 CompilerThread0" daemon [_thread_blocked, id=5712, stack(0x000000001f680000,0x000000001f780000)]
  0x000000001e785000 JavaThread "JDWP Command Reader" daemon [_thread_in_native, id=19076, stack(0x000000001f580000,0x000000001f680000)]
  0x000000001e780000 JavaThread "JDWP Event Helper Thread" daemon [_thread_blocked, id=3036, stack(0x000000001f480000,0x000000001f580000)]
  0x000000001e774800 JavaThread "JDWP Transport Listener: dt_socket" daemon [_thread_blocked, id=18280, stack(0x000000001f380000,0x000000001f480000)]
  0x000000001e76b000 JavaThread "Attach Listener" daemon [_thread_blocked, id=18288, stack(0x000000001ef40000,0x000000001f040000)]
  0x000000001e769000 JavaThread "Signal Dispatcher" daemon [_thread_blocked, id=3128, stack(0x000000001ee40000,0x000000001ef40000)]
  0x000000001e761000 JavaThread "Finalizer" daemon [_thread_blocked, id=760, stack(0x000000001ec40000,0x000000001ed40000)]
  0x000000001e760800 JavaThread "Reference Handler" daemon [_thread_blocked, id=6836, stack(0x000000001eb40000,0x000000001ec40000)]
  0x0000000002cbe800 JavaThread "main" [_thread_blocked, id=18556, stack(0x0000000002b40000,0x0000000002c40000)]

Other Threads:
=>0x000000001c969800 VMThread [stack: 0x000000001e640000,0x000000001e740000] [id=16520]
  0x000000001e8e4000 WatcherThread [stack: 0x000000001fb80000,0x000000001fc80000] [id=20392]

VM state:at safepoint (normal execution)

VM Mutex/Monitor currently owned by a thread:  ([mutex/lock_event])
[0x0000000002f00850] Threads_lock - owner thread: 0x000000001c969800

heap address: 0x00000006c2e00000, size: 4050 MB, Compressed Oops mode: Zero based, Oop shift amount: 3
Narrow klass base: 0x0000000000000000, Narrow klass shift: 3
Compressed class space size: 1073741824 Address: 0x00000007c0000000

Heap:
 PSYoungGen      total 370176K, used 78403K [0x000000076ba00000, 0x0000000783e80000, 0x00000007c0000000)
  eden space 348672K, 22% used [0x000000076ba00000,0x0000000770690ee8,0x0000000780e80000)
  from space 21504K, 0% used [0x0000000782980000,0x0000000782980000,0x0000000783e80000)
  to   space 24064K, 0% used [0x0000000780f80000,0x0000000780f80000,0x0000000782700000)
 ParOldGen       total 198656K, used 43935K [0x00000006c2e00000, 0x00000006cf000000, 0x000000076ba00000)
  object space 198656K, 22% used [0x00000006c2e00000,0x00000006c58e7f18,0x00000006cf000000)
 Metaspace       used 61704K, capacity 64670K, committed 64804K, reserved 1105920K
  class space    used 7878K, capacity 8448K, committed 8524K, reserved 1048576K

Card table byte_map: [0x00000000123c0000,0x0000000012bb0000] byte_map_base: 0x000000000eda9000

Marking Bits: (ParMarkBitMap*) 0x000000005df75ce0
 Begin Bits: [0x0000000013900000, 0x0000000017848000)
 End Bits:   [0x0000000017848000, 0x000000001b790000)

Polling page: 0x0000000000d10000

CodeCache: size=245760Kb used=23393Kb max_used=23504Kb free=222366Kb
 bounds [0x0000000003000000, 0x0000000004770000, 0x0000000012000000]
 total_blobs=6875 nmethods=6345 adapters=450
 compilation: enabled

Compilation events (10 events):
Event: 657.323 Thread 0x000000001e896000 7728       3       java.lang.Integer::toHexString (6 bytes)
Event: 657.323 Thread 0x000000001e896000 nmethod 7728 0x0000000003fb6890 code [0x0000000003fb6a00, 0x0000000003fb6b88]
Event: 657.324 Thread 0x000000001e896000 7729       3       java.lang.Integer::toUnsignedString0 (46 bytes)
Event: 657.325 Thread 0x000000001e896000 nmethod 7729 0x0000000003fb8dd0 code [0x0000000003fb8f60, 0x0000000003fb93d8]
Event: 659.805 Thread 0x000000001e896000 7730       3       sun.net.www.protocol.jar.URLJarFile::getEntry (69 bytes)
Event: 659.805 Thread 0x000000001e86e800 7731   !   4       sun.nio.cs.ISO_8859_1$Decoder::decodeArrayLoop (263 bytes)
Event: 659.806 Thread 0x000000001e896000 nmethod 7730 0x0000000003766c90 code [0x0000000003766f60, 0x00000000037685d8]
Event: 659.807 Thread 0x000000001e896000 7732       3       java.util.Properties$LineReader::readLine (468 bytes)
Event: 659.808 Thread 0x000000001e896000 nmethod 7732 0x0000000003d76d50 code [0x0000000003d76fe0, 0x0000000003d786c8]
Event: 659.813 Thread 0x000000001e86e800 nmethod 7731 0x0000000003d73f10 code [0x0000000003d740a0, 0x0000000003d74870]

GC Heap History (10 events):
Event: 9.769 GC heap before
{Heap before GC invocations=11 (full 1):
 PSYoungGen      total 253952K, used 17049K [0x000000076ba00000, 0x000000077ce80000, 0x00000007c0000000)
  eden space 245248K, 3% used [0x000000076ba00000,0x000000076c270598,0x000000077a980000)
  from space 8704K, 96% used [0x000000077ae00000,0x000000077b636230,0x000000077b680000)
  to   space 18944K, 0% used [0x000000077bc00000,0x000000077bc00000,0x000000077ce80000)
 ParOldGen       total 122368K, used 21774K [0x00000006c2e00000, 0x00000006ca580000, 0x000000076ba00000)
  object space 122368K, 17% used [0x00000006c2e00000,0x00000006c4343808,0x00000006ca580000)
 Metaspace       used 34709K, capacity 35562K, committed 35748K, reserved 1081344K
  class space    used 4236K, capacity 4482K, committed 4556K, reserved 1048576K
Event: 9.774 GC heap after
Heap after GC invocations=11 (full 1):
 PSYoungGen      total 264192K, used 4312K [0x000000076ba00000, 0x0000000783700000, 0x00000007c0000000)
  eden space 245248K, 0% used [0x000000076ba00000,0x000000076ba00000,0x000000077a980000)
  from space 18944K, 22% used [0x000000077bc00000,0x000000077c036130,0x000000077ce80000)
  to   space 18944K, 0% used [0x000000077a980000,0x000000077a980000,0x000000077bc00000)
 ParOldGen       total 122368K, used 21782K [0x00000006c2e00000, 0x00000006ca580000, 0x000000076ba00000)
  object space 122368K, 17% used [0x00000006c2e00000,0x00000006c4345808,0x00000006ca580000)
 Metaspace       used 34709K, capacity 35562K, committed 35748K, reserved 1081344K
  class space    used 4236K, capacity 4482K, committed 4556K, reserved 1048576K
}
Event: 9.774 GC heap before
{Heap before GC invocations=12 (full 2):
 PSYoungGen      total 264192K, used 4312K [0x000000076ba00000, 0x0000000783700000, 0x00000007c0000000)
  eden space 245248K, 0% used [0x000000076ba00000,0x000000076ba00000,0x000000077a980000)
  from space 18944K, 22% used [0x000000077bc00000,0x000000077c036130,0x000000077ce80000)
  to   space 18944K, 0% used [0x000000077a980000,0x000000077a980000,0x000000077bc00000)
 ParOldGen       total 122368K, used 21782K [0x00000006c2e00000, 0x00000006ca580000, 0x000000076ba00000)
  object space 122368K, 17% used [0x00000006c2e00000,0x00000006c4345808,0x00000006ca580000)
 Metaspace       used 34709K, capacity 35562K, committed 35748K, reserved 1081344K
  class space    used 4236K, capacity 4482K, committed 4556K, reserved 1048576K
Event: 9.814 GC heap after
Heap after GC invocations=12 (full 2):
 PSYoungGen      total 264192K, used 0K [0x000000076ba00000, 0x0000000783700000, 0x00000007c0000000)
  eden space 245248K, 0% used [0x000000076ba00000,0x000000076ba00000,0x000000077a980000)
  from space 18944K, 0% used [0x000000077bc00000,0x000000077bc00000,0x000000077ce80000)
  to   space 18944K, 0% used [0x000000077a980000,0x000000077a980000,0x000000077bc00000)
 ParOldGen       total 145408K, used 24318K [0x00000006c2e00000, 0x00000006cbc00000, 0x000000076ba00000)
  object space 145408K, 16% used [0x00000006c2e00000,0x00000006c45bf818,0x00000006cbc00000)
 Metaspace       used 34708K, capacity 35556K, committed 35748K, reserved 1081344K
  class space    used 4235K, capacity 4481K, committed 4556K, reserved 1048576K
}
Event: 12.284 GC heap before
{Heap before GC invocations=13 (full 2):
 PSYoungGen      total 264192K, used 245248K [0x000000076ba00000, 0x0000000783700000, 0x00000007c0000000)
  eden space 245248K, 100% used [0x000000076ba00000,0x000000077a980000,0x000000077a980000)
  from space 18944K, 0% used [0x000000077bc00000,0x000000077bc00000,0x000000077ce80000)
  to   space 18944K, 0% used [0x000000077a980000,0x000000077a980000,0x000000077bc00000)
 ParOldGen       total 145408K, used 24318K [0x00000006c2e00000, 0x00000006cbc00000, 0x000000076ba00000)
  object space 145408K, 16% used [0x00000006c2e00000,0x00000006c45bf818,0x00000006cbc00000)
 Metaspace       used 48582K, capacity 50532K, committed 50724K, reserved 1093632K
  class space    used 6050K, capacity 6435K, committed 6476K, reserved 1048576K
Event: 12.296 GC heap after
Heap after GC invocations=13 (full 2):
 PSYoungGen      total 264192K, used 18486K [0x000000076ba00000, 0x0000000783e80000, 0x00000007c0000000)
  eden space 245248K, 0% used [0x000000076ba00000,0x000000076ba00000,0x000000077a980000)
  from space 18944K, 97% used [0x000000077a980000,0x000000077bb8d8c8,0x000000077bc00000)
  to   space 21504K, 0% used [0x0000000782980000,0x0000000782980000,0x0000000783e80000)
 ParOldGen       total 145408K, used 24390K [0x00000006c2e00000, 0x00000006cbc00000, 0x000000076ba00000)
  object space 145408K, 16% used [0x00000006c2e00000,0x00000006c45d1828,0x00000006cbc00000)
 Metaspace       used 48582K, capacity 50532K, committed 50724K, reserved 1093632K
  class space    used 6050K, capacity 6435K, committed 6476K, reserved 1048576K
}
Event: 14.376 GC heap before
{Heap before GC invocations=14 (full 2):
 PSYoungGen      total 264192K, used 201869K [0x000000076ba00000, 0x0000000783e80000, 0x00000007c0000000)
  eden space 245248K, 74% used [0x000000076ba00000,0x0000000776d15d78,0x000000077a980000)
  from space 18944K, 97% used [0x000000077a980000,0x000000077bb8d8c8,0x000000077bc00000)
  to   space 21504K, 0% used [0x0000000782980000,0x0000000782980000,0x0000000783e80000)
 ParOldGen       total 145408K, used 24390K [0x00000006c2e00000, 0x00000006cbc00000, 0x000000076ba00000)
  object space 145408K, 16% used [0x00000006c2e00000,0x00000006c45d1828,0x00000006cbc00000)
 Metaspace       used 56900K, capacity 59576K, committed 59580K, reserved 1101824K
  class space    used 7274K, capacity 7755K, committed 7756K, reserved 1048576K
Event: 14.396 GC heap after
Heap after GC invocations=14 (full 2):
 PSYoungGen      total 370176K, used 21347K [0x000000076ba00000, 0x0000000783e80000, 0x00000007c0000000)
  eden space 348672K, 0% used [0x000000076ba00000,0x000000076ba00000,0x0000000780e80000)
  from space 21504K, 99% used [0x0000000782980000,0x0000000783e58ef0,0x0000000783e80000)
  to   space 24064K, 0% used [0x0000000780f80000,0x0000000780f80000,0x0000000782700000)
 ParOldGen       total 145408K, used 24398K [0x00000006c2e00000, 0x00000006cbc00000, 0x000000076ba00000)
  object space 145408K, 16% used [0x00000006c2e00000,0x00000006c45d3828,0x00000006cbc00000)
 Metaspace       used 56900K, capacity 59576K, committed 59580K, reserved 1101824K
  class space    used 7274K, capacity 7755K, committed 7756K, reserved 1048576K
}
Event: 14.396 GC heap before
{Heap before GC invocations=15 (full 3):
 PSYoungGen      total 370176K, used 21347K [0x000000076ba00000, 0x0000000783e80000, 0x00000007c0000000)
  eden space 348672K, 0% used [0x000000076ba00000,0x000000076ba00000,0x0000000780e80000)
  from space 21504K, 99% used [0x0000000782980000,0x0000000783e58ef0,0x0000000783e80000)
  to   space 24064K, 0% used [0x0000000780f80000,0x0000000780f80000,0x0000000782700000)
 ParOldGen       total 145408K, used 24398K [0x00000006c2e00000, 0x00000006cbc00000, 0x000000076ba00000)
  object space 145408K, 16% used [0x00000006c2e00000,0x00000006c45d3828,0x00000006cbc00000)
 Metaspace       used 56900K, capacity 59576K, committed 59580K, reserved 1101824K
  class space    used 7274K, capacity 7755K, committed 7756K, reserved 1048576K
Event: 14.681 GC heap after
Heap after GC invocations=15 (full 3):
 PSYoungGen      total 370176K, used 0K [0x000000076ba00000, 0x0000000783e80000, 0x00000007c0000000)
  eden space 348672K, 0% used [0x000000076ba00000,0x000000076ba00000,0x0000000780e80000)
  from space 21504K, 0% used [0x0000000782980000,0x0000000782980000,0x0000000783e80000)
  to   space 24064K, 0% used [0x0000000780f80000,0x0000000780f80000,0x0000000782700000)
 ParOldGen       total 198656K, used 43935K [0x00000006c2e00000, 0x00000006cf000000, 0x000000076ba00000)
  object space 198656K, 22% used [0x00000006c2e00000,0x00000006c58e7f18,0x00000006cf000000)
 Metaspace       used 56900K, capacity 59576K, committed 59580K, reserved 1101824K
  class space    used 7274K, capacity 7755K, committed 7756K, reserved 1048576K
}

Deoptimization events (10 events):
Event: 659.802 Thread 0x0000000029a5e000 Uncommon trap: reason=unhandled action=none pc=0x0000000003746720 method=java.net.URLClassLoader.findClass(Ljava/lang/String;)Ljava/lang/Class; @ 44
Event: 659.802 Thread 0x0000000029a5e000 Uncommon trap: reason=unhandled action=none pc=0x0000000003746720 method=java.net.URLClassLoader.findClass(Ljava/lang/String;)Ljava/lang/Class; @ 44
Event: 659.802 Thread 0x0000000029a5e000 Uncommon trap: reason=unhandled action=none pc=0x0000000003746720 method=java.net.URLClassLoader.findClass(Ljava/lang/String;)Ljava/lang/Class; @ 44
Event: 659.805 Thread 0x0000000029a5e000 Uncommon trap: reason=unstable_if action=reinterpret pc=0x00000000042cd744 method=java.util.Properties$LineReader.readLine()I @ 37
Event: 659.806 Thread 0x0000000029a5e000 Uncommon trap: reason=unhandled action=none pc=0x0000000003746720 method=java.net.URLClassLoader.findClass(Ljava/lang/String;)Ljava/lang/Class; @ 44
Event: 659.807 Thread 0x0000000029a5e000 Uncommon trap: reason=unhandled action=none pc=0x0000000003746720 method=java.net.URLClassLoader.findClass(Ljava/lang/String;)Ljava/lang/Class; @ 44
Event: 659.807 Thread 0x0000000029a5e000 Uncommon trap: reason=unhandled action=none pc=0x0000000003746720 method=java.net.URLClassLoader.findClass(Ljava/lang/String;)Ljava/lang/Class; @ 44
Event: 659.807 Thread 0x0000000029a5e000 Uncommon trap: reason=unhandled action=none pc=0x0000000003746720 method=java.net.URLClassLoader.findClass(Ljava/lang/String;)Ljava/lang/Class; @ 44
Event: 659.807 Thread 0x0000000029a5e000 Uncommon trap: reason=unhandled action=none pc=0x0000000003746720 method=java.net.URLClassLoader.findClass(Ljava/lang/String;)Ljava/lang/Class; @ 44
Event: 659.808 Thread 0x0000000029a5e000 Uncommon trap: reason=unhandled action=none pc=0x0000000003746720 method=java.net.URLClassLoader.findClass(Ljava/lang/String;)Ljava/lang/Class; @ 44

Classes redefined (6 events):
Event: 51.454 Thread 0x000000001c969800 redefined class name=com.cdcc.config.JwtTokenProvider, count=1
Event: 182.104 Thread 0x000000001c969800 redefined class name=com.cdcc.config.JwtTokenProvider, count=2
Event: 453.415 Thread 0x000000001c969800 redefined class name=com.cdcc.config.JwtTokenProvider, count=3
Event: 546.151 Thread 0x000000001c969800 redefined class name=com.cdcc.controller.AuthController, count=1
Event: 618.340 Thread 0x000000001c969800 redefined class name=com.cdcc.controller.AuthController, count=2
Event: 645.517 Thread 0x000000001c969800 redefined class name=com.cdcc.controller.AuthController, count=3

Internal exceptions (10 events):
Event: 459.875 Thread 0x0000000029a5e000 Exception <a 'java/lang/ArrayIndexOutOfBoundsException': 28> (0x000000076f1cb048) thrown at [C:\re\workspace\8-2-build-windows-amd64-cygwin\jdk8u211\12973\hotspot\src\share\vm\interpreter\interpreterRuntime.cpp, line 368]
Event: 459.884 Thread 0x0000000029a5e000 Exception <a 'java/lang/ArrayIndexOutOfBoundsException': 31> (0x000000076f1ced40) thrown at [C:\re\workspace\8-2-build-windows-amd64-cygwin\jdk8u211\12973\hotspot\src\share\vm\interpreter\interpreterRuntime.cpp, line 368]
Event: 653.612 Thread 0x0000000029a5e000 Exception <a 'java/lang/ArrayIndexOutOfBoundsException': 45> (0x000000076fb4bc38) thrown at [C:\re\workspace\8-2-build-windows-amd64-cygwin\jdk8u211\12973\hotspot\src\share\vm\interpreter\interpreterRuntime.cpp, line 368]
Event: 653.627 Thread 0x0000000029a5e000 Exception <a 'java/lang/ArrayIndexOutOfBoundsException': 31> (0x000000076fd06708) thrown at [C:\re\workspace\8-2-build-windows-amd64-cygwin\jdk8u211\12973\hotspot\src\share\vm\interpreter\interpreterRuntime.cpp, line 368]
Event: 653.629 Thread 0x0000000029a5e000 Exception <a 'java/lang/ArrayIndexOutOfBoundsException': 39> (0x000000076fd1a640) thrown at [C:\re\workspace\8-2-build-windows-amd64-cygwin\jdk8u211\12973\hotspot\src\share\vm\interpreter\interpreterRuntime.cpp, line 368]
Event: 653.629 Thread 0x0000000029a5e000 Exception <a 'java/lang/ArrayIndexOutOfBoundsException': 31> (0x000000076fd1eac8) thrown at [C:\re\workspace\8-2-build-windows-amd64-cygwin\jdk8u211\12973\hotspot\src\share\vm\interpreter\interpreterRuntime.cpp, line 368]
Event: 653.661 Thread 0x0000000029a5e000 Exception <a 'java/lang/ArrayIndexOutOfBoundsException': 28> (0x000000076ff3ff98) thrown at [C:\re\workspace\8-2-build-windows-amd64-cygwin\jdk8u211\12973\hotspot\src\share\vm\interpreter\interpreterRuntime.cpp, line 368]
Event: 653.661 Thread 0x0000000029a5e000 Exception <a 'java/lang/ArrayIndexOutOfBoundsException': 31> (0x000000076ff43dd0) thrown at [C:\re\workspace\8-2-build-windows-amd64-cygwin\jdk8u211\12973\hotspot\src\share\vm\interpreter\interpreterRuntime.cpp, line 368]
Event: 653.661 Thread 0x0000000029a5e000 Exception <a 'java/lang/ArrayIndexOutOfBoundsException': 28> (0x000000076ff469a0) thrown at [C:\re\workspace\8-2-build-windows-amd64-cygwin\jdk8u211\12973\hotspot\src\share\vm\interpreter\interpreterRuntime.cpp, line 368]
Event: 659.805 Thread 0x0000000029a5e000 Implicit null exception at 0x00000000042cd052 to 0x00000000042cd70d

Events (10 events):
Event: 660.459 Executing VM operation: GetOwnedMonitorInfo done
Event: 660.460 Executing VM operation: GetCurrentContendedMonitor
Event: 660.460 Executing VM operation: GetCurrentContendedMonitor done
Event: 660.460 Executing VM operation: GetOwnedMonitorInfo
Event: 660.460 Executing VM operation: GetOwnedMonitorInfo done
Event: 660.518 Executing VM operation: GetOwnedMonitorInfo
Event: 660.519 Executing VM operation: GetOwnedMonitorInfo done
Event: 660.519 Executing VM operation: GetCurrentContendedMonitor
Event: 660.519 Executing VM operation: GetCurrentContendedMonitor done
Event: 660.520 Executing VM operation: GetOrSetLocal


Dynamic libraries:
0x00007ff76b060000 - 0x00007ff76b097000 	C:\Program Files\Java\jdk1.8.0_211\bin\javaw.exe
0x00007ffa11a20000 - 0x00007ffa11c10000 	C:\WINDOWS\SYSTEM32\ntdll.dll
0x00007ffa11850000 - 0x00007ffa11902000 	C:\WINDOWS\System32\KERNEL32.DLL
0x00007ffa0ebe0000 - 0x00007ffa0ee83000 	C:\WINDOWS\System32\KERNELBASE.dll
0x00007ffa107f0000 - 0x00007ffa10893000 	C:\WINDOWS\System32\ADVAPI32.dll
0x00007ffa11910000 - 0x00007ffa119ae000 	C:\WINDOWS\System32\msvcrt.dll
0x00007ffa0ff40000 - 0x00007ffa0ffd7000 	C:\WINDOWS\System32\sechost.dll
0x00007ffa11520000 - 0x00007ffa11640000 	C:\WINDOWS\System32\RPCRT4.dll
0x00007ffa112a0000 - 0x00007ffa11434000 	C:\WINDOWS\System32\USER32.dll
0x00007ffa0eb30000 - 0x00007ffa0eb51000 	C:\WINDOWS\System32\win32u.dll
0x00007ffa0fff0000 - 0x00007ffa10016000 	C:\WINDOWS\System32\GDI32.dll
0x00007ffa0f930000 - 0x00007ffa0fac4000 	C:\WINDOWS\System32\gdi32full.dll
0x00007ffa0f890000 - 0x00007ffa0f92e000 	C:\WINDOWS\System32\msvcp_win.dll
0x00007ffa0ea30000 - 0x00007ffa0eb2a000 	C:\WINDOWS\System32\ucrtbase.dll
0x00007ffa0ddd0000 - 0x00007ffa0e055000 	C:\WINDOWS\WinSxS\amd64_microsoft.windows.common-controls_6595b64144ccf1df_6.0.18362.476_none_e6c4b11b130f2595\COMCTL32.dll
0x00007ffa10440000 - 0x00007ffa10776000 	C:\WINDOWS\System32\combase.dll
0x00007ffa0eb60000 - 0x00007ffa0ebe0000 	C:\WINDOWS\System32\bcryptPrimitives.dll
0x00007ffa119b0000 - 0x00007ffa119de000 	C:\WINDOWS\System32\IMM32.DLL
0x0000000000d30000 - 0x0000000000d41000 	C:\WINDOWS\System32\umppc10503.dll
0x000000005e9b0000 - 0x000000005ea82000 	C:\Program Files\Java\jdk1.8.0_211\jre\bin\msvcr100.dll
0x000000005d750000 - 0x000000005dff5000 	C:\Program Files\Java\jdk1.8.0_211\jre\bin\server\jvm.dll
0x00007ffa10780000 - 0x00007ffa10788000 	C:\WINDOWS\System32\PSAPI.DLL
0x00007ff9f4360000 - 0x00007ff9f4369000 	C:\WINDOWS\SYSTEM32\WSOCK32.dll
0x00007ffa114b0000 - 0x00007ffa1151f000 	C:\WINDOWS\System32\WS2_32.dll
0x00007ffa004f0000 - 0x00007ffa00514000 	C:\WINDOWS\SYSTEM32\WINMM.dll
0x00007ffa07dc0000 - 0x00007ffa07dca000 	C:\WINDOWS\SYSTEM32\VERSION.dll
0x00007ffa004c0000 - 0x00007ffa004ed000 	C:\WINDOWS\SYSTEM32\WINMMBASE.dll
0x00007ffa0f790000 - 0x00007ffa0f7da000 	C:\WINDOWS\System32\cfgmgr32.dll
0x00007ff9dc370000 - 0x00007ff9dc37f000 	C:\Program Files\Java\jdk1.8.0_211\jre\bin\verify.dll
0x00007ff9b1610000 - 0x00007ff9b1639000 	C:\Program Files\Java\jdk1.8.0_211\jre\bin\java.dll
0x00007ffa0ccd0000 - 0x00007ffa0cd05000 	C:\Program Files\Java\jdk1.8.0_211\jre\bin\jdwp.dll
0x00007ffa0d1a0000 - 0x00007ffa0d1a8000 	C:\Program Files\Java\jdk1.8.0_211\jre\bin\npt.dll
0x00007ffa0cca0000 - 0x00007ffa0ccc3000 	C:\Program Files\Java\jdk1.8.0_211\jre\bin\instrument.dll
0x00007ff9b15f0000 - 0x00007ff9b1606000 	C:\Program Files\Java\jdk1.8.0_211\jre\bin\zip.dll
0x00007ffa10a50000 - 0x00007ffa11135000 	C:\WINDOWS\System32\SHELL32.dll
0x00007ffa11640000 - 0x00007ffa116e9000 	C:\WINDOWS\System32\shcore.dll
0x00007ffa0efe0000 - 0x00007ffa0f75e000 	C:\WINDOWS\System32\windows.storage.dll
0x00007ffa0e990000 - 0x00007ffa0e9af000 	C:\WINDOWS\System32\profapi.dll
0x00007ffa0e940000 - 0x00007ffa0e98a000 	C:\WINDOWS\System32\powrprof.dll
0x00007ffa0e8f0000 - 0x00007ffa0e900000 	C:\WINDOWS\System32\UMPDC.dll
0x00007ffa10790000 - 0x00007ffa107e2000 	C:\WINDOWS\System32\shlwapi.dll
0x00007ffa0e920000 - 0x00007ffa0e931000 	C:\WINDOWS\System32\kernel.appcore.dll
0x00007ffa0ea10000 - 0x00007ffa0ea27000 	C:\WINDOWS\System32\cryptsp.dll
0x00007ffa0d140000 - 0x00007ffa0d149000 	C:\Program Files\Java\jdk1.8.0_211\jre\bin\dt_socket.dll
0x00007ff9ee4e0000 - 0x00007ff9ee4f6000 	C:\WINDOWS\system32\napinsp.dll
0x00007ff9ee500000 - 0x00007ff9ee51a000 	C:\WINDOWS\system32\pnrpnsp.dll
0x00007ffa0dae0000 - 0x00007ffa0db47000 	C:\WINDOWS\System32\mswsock.dll
0x00007ffa0d830000 - 0x00007ffa0d8fa000 	C:\WINDOWS\SYSTEM32\DNSAPI.dll
0x00007ffa117c0000 - 0x00007ffa117c8000 	C:\WINDOWS\System32\NSI.dll
0x00007ffa0d7f0000 - 0x00007ffa0d82a000 	C:\WINDOWS\SYSTEM32\IPHLPAPI.DLL
0x00007ff9ee520000 - 0x00007ff9ee52e000 	C:\WINDOWS\System32\winrnr.dll
0x00007ffa07430000 - 0x00007ffa0744c000 	C:\WINDOWS\system32\NLAapi.dll
0x00007ffa06cc0000 - 0x00007ffa06cd5000 	C:\WINDOWS\system32\wshbth.dll
0x00007ffa06860000 - 0x00007ffa068d7000 	C:\WINDOWS\System32\fwpuclnt.dll
0x00007ffa0f760000 - 0x00007ffa0f786000 	C:\WINDOWS\System32\bcrypt.dll
0x00007ffa04050000 - 0x00007ffa0405a000 	C:\Windows\System32\rasadhlp.dll
0x00007ffa0d650000 - 0x00007ffa0d683000 	C:\WINDOWS\system32\rsaenh.dll
0x00007ffa0e810000 - 0x00007ffa0e835000 	C:\WINDOWS\SYSTEM32\USERENV.dll
0x00007ffa0dcb0000 - 0x00007ffa0dcbc000 	C:\WINDOWS\SYSTEM32\CRYPTBASE.dll
0x00007ff9b1aa0000 - 0x00007ff9b1aba000 	C:\Program Files\Java\jdk1.8.0_211\jre\bin\net.dll
0x00007ff9fd570000 - 0x00007ff9fd746000 	C:\WINDOWS\SYSTEM32\urlmon.dll
0x00007ffa008c0000 - 0x00007ffa00b66000 	C:\WINDOWS\SYSTEM32\iertutil.dll
0x00007ffa068e0000 - 0x00007ffa068f6000 	C:\WINDOWS\SYSTEM32\dhcpcsvc6.DLL
0x00007ffa06840000 - 0x00007ffa0685c000 	C:\WINDOWS\SYSTEM32\dhcpcsvc.DLL
0x00007ff9b1a80000 - 0x00007ff9b1a92000 	C:\Program Files\Java\jdk1.8.0_211\jre\bin\nio.dll
0x00007ffa0ce90000 - 0x00007ffa0ce9a000 	C:\Users\jsolorzano\AppData\Local\Temp\jansi-1.17.1-6771936621357605613.dll
0x00007ffa0ce80000 - 0x00007ffa0ce8a000 	C:\Users\jsolorzano\AppData\Local\Temp\jansi-1.17.1-6119230188386689911.dll
0x00007ffa0ce30000 - 0x00007ffa0ce3d000 	C:\Program Files\Java\jdk1.8.0_211\jre\bin\management.dll
0x00007ff9e2a50000 - 0x00007ff9e2a74000 	C:\Program Files\Java\jdk1.8.0_211\jre\bin\sunec.dll
0x00007ff9ee6e0000 - 0x00007ff9ee6eb000 	C:\Program Files\Java\jdk1.8.0_211\jre\bin\sunmscapi.dll
0x00007ffa0ee90000 - 0x00007ffa0efd9000 	C:\WINDOWS\System32\CRYPT32.dll
0x00007ffa0e900000 - 0x00007ffa0e912000 	C:\WINDOWS\System32\MSASN1.dll

VM Arguments:
jvm_args: -agentlib:jdwp=transport=dt_socket,suspend=y,address=localhost:58579 -Dmaven.home=EMBEDDED -Dclassworlds.conf=C:\Java-Projects\.metadata\.plugins\org.eclipse.m2e.launching\launches\m2conf6065327837344155986.tmp -Dmaven.multiModuleProjectDirectory=C:\Java-Projects\rest_site_locations -javaagent:C:\Users\jsolorzano\eclipse\java-2019-06\eclipse\configuration\org.eclipse.osgi\226\0\.cp\lib\javaagent-shaded.jar -Dfile.encoding=Cp1252 
java_command: org.codehaus.plexus.classworlds.launcher.Launcher -B spring-boot:run
java_class_path (initial): C:\Users\jsolorzano\.p2\pool\plugins\org.eclipse.m2e.maven.runtime_1.12.0.20190529-1915\jars\plexus-classworlds-2.6.0.jar;C:\Users\jsolorzano\eclipse\java-2019-06\eclipse\configuration\org.eclipse.osgi\226\0\.cp\lib\javaagent-shaded.jar
Launcher Type: SUN_STANDARD

Environment Variables:
JAVA_HOME=C:\Program Files\Java\jdk1.8.0_211
PATH=C:\Program Files\Java\jdk1.8.0_211\jre\bin;C:/Program Files/Java/jdk1.8.0_211/bin/../jre/bin/server;C:/Program Files/Java/jdk1.8.0_211/bin/../jre/bin;C:/Program Files/Java/jdk1.8.0_211/bin/../jre/lib/amd64;C:\Program Files (x86)\Common Files\Oracle\Java\javapath;C:\Python27\;C:\Python27\Scripts;C:\WINDOWS\system32;C:\WINDOWS;C:\WINDOWS\System32\Wbem;C:\WINDOWS\System32\WindowsPowerShell\v1.0\;C:\WINDOWS\System32\OpenSSH\;C:\Program Files\nodejs\;C:\ProgramData\chocolatey\bin;C:\Maven\apache-maven-3.6.1\bin;C:\Program Files\Java\jdk1.8.0_211;C:\Program Files\Git\cmd;C:\Program Files\dotnet\;C:\Program Files (x86)\Intel\Intel(R) Management Engine Components\DAL;C:\Program Files\Intel\Intel(R) Management Engine Components\DAL;C:\Users\jsolorzano\AppData\Local\Android\Sdk\platform-tools;C:\Users\jsolorzano\AppData\Local\Android\Sdk;C:\Program Files\Intel\WiFi\bin\;C:\Program Files\Common Files\Intel\WirelessCommon\;C:\Program Files\MongoDB\Server\4.0\bin;C:\Users\jsolorzano\AppData\Local\Microsoft\WindowsApps;;C:\Software\Microsoft VS Code\bin;C:\Users\jsolorzano\AppData\Roaming\npm;C:\Users\jsolorzano\eclipse\java-2019-06\eclipse;
USERNAME=jsolorzano
OS=Windows_NT
PROCESSOR_IDENTIFIER=Intel64 Family 6 Model 158 Stepping 9, GenuineIntel



---------------  S Y S T E M  ---------------

OS: Windows 10.0 , 64 bit Build 18362 (10.0.18362.329)

CPU:total 8 (initial active 8) (4 cores per cpu, 2 threads per core) family 6 model 158 stepping 9, cmov, cx8, fxsr, mmx, sse, sse2, sse3, ssse3, sse4.1, sse4.2, popcnt, avx, avx2, aes, clmul, erms, rtm, 3dnowpref, lzcnt, ht, tsc, tscinvbit, bmi1, bmi2, adx

Memory: 4k page, physical 16583968k(6123924k free), swap 37555488k(20794148k free)

vm_info: Java HotSpot(TM) 64-Bit Server VM (25.211-b12) for windows-amd64 JRE (1.8.0_211-b12), built on Apr  1 2019 20:53:26 by "java_re" with MS VC++ 10.0 (VS2010)

time: Wed Dec 04 11:47:21 2019
timezone: Eastern Standard Time
elapsed time: 660 seconds (0d 0h 11m 0s)

